{"/Users/ashleymathew/rithm/exercises/Week 6/express-biztime/app.js": {"path":"/Users/ashleymathew/rithm/exercises/Week 6/express-biztime/app.js","statementMap":{"0":{"start":{"line":3,"column":16},"end":{"line":3,"column":34}},"1":{"start":{"line":4,"column":26},"end":{"line":4,"column":51}},"2":{"start":{"line":6,"column":12},"end":{"line":6,"column":21}},"3":{"start":{"line":8,"column":0},"end":{"line":8,"column":24}},"4":{"start":{"line":9,"column":0},"end":{"line":9,"column":30}},"5":{"start":{"line":11,"column":16},"end":{"line":11,"column":45}},"6":{"start":{"line":12,"column":16},"end":{"line":12,"column":44}},"7":{"start":{"line":14,"column":0},"end":{"line":14,"column":31}},"8":{"start":{"line":15,"column":0},"end":{"line":15,"column":30}},"9":{"start":{"line":18,"column":0},"end":{"line":20,"column":3}},"10":{"start":{"line":19,"column":2},"end":{"line":19,"column":28}},"11":{"start":{"line":23,"column":0},"end":{"line":28,"column":3}},"12":{"start":{"line":24,"column":17},"end":{"line":24,"column":34}},"13":{"start":{"line":25,"column":18},"end":{"line":25,"column":29}},"14":{"start":{"line":26,"column":2},"end":{"line":26,"column":72}},"15":{"start":{"line":26,"column":39},"end":{"line":26,"column":72}},"16":{"start":{"line":27,"column":2},"end":{"line":27,"column":65}},"17":{"start":{"line":30,"column":0},"end":{"line":30,"column":21}}},"fnMap":{"0":{"name":"(anonymous_0)","decl":{"start":{"line":18,"column":8},"end":{"line":18,"column":9}},"loc":{"start":{"line":18,"column":34},"end":{"line":20,"column":1}},"line":18},"1":{"name":"(anonymous_1)","decl":{"start":{"line":23,"column":8},"end":{"line":23,"column":9}},"loc":{"start":{"line":23,"column":39},"end":{"line":28,"column":1}},"line":23}},"branchMap":{"0":{"loc":{"start":{"line":24,"column":17},"end":{"line":24,"column":34}},"type":"binary-expr","locations":[{"start":{"line":24,"column":17},"end":{"line":24,"column":27}},{"start":{"line":24,"column":31},"end":{"line":24,"column":34}}],"line":24},"1":{"loc":{"start":{"line":26,"column":2},"end":{"line":26,"column":72}},"type":"if","locations":[{"start":{"line":26,"column":2},"end":{"line":26,"column":72}},{"start":{},"end":{}}],"line":26}},"s":{"0":2,"1":2,"2":2,"3":2,"4":2,"5":2,"6":2,"7":2,"8":2,"9":2,"10":0,"11":2,"12":10,"13":10,"14":10,"15":0,"16":10,"17":2},"f":{"0":0,"1":10},"b":{"0":[10,0],"1":[0,10]},"_coverageSchema":"1a1c01bbd47fc00a2c39e90264f33305004495a9","hash":"de00a144bda4b5981646658e0a7c9d724f8e4687"}
,"/Users/ashleymathew/rithm/exercises/Week 6/express-biztime/db.js": {"path":"/Users/ashleymathew/rithm/exercises/Week 6/express-biztime/db.js","statementMap":{"0":{"start":{"line":3,"column":19},"end":{"line":3,"column":32}},"1":{"start":{"line":7,"column":15},"end":{"line":9,"column":27}},"2":{"start":{"line":17,"column":9},"end":{"line":19,"column":2}},"3":{"start":{"line":21,"column":0},"end":{"line":21,"column":13}},"4":{"start":{"line":22,"column":0},"end":{"line":22,"column":20}}},"fnMap":{},"branchMap":{"0":{"loc":{"start":{"line":7,"column":15},"end":{"line":9,"column":27}},"type":"cond-expr","locations":[{"start":{"line":8,"column":4},"end":{"line":8,"column":32}},{"start":{"line":9,"column":4},"end":{"line":9,"column":27}}],"line":7}},"s":{"0":2,"1":2,"2":2,"3":2,"4":2},"f":{},"b":{"0":[2,0]},"_coverageSchema":"1a1c01bbd47fc00a2c39e90264f33305004495a9","hash":"3d725e135c22edb02b023d627e78dab799225a3a"}
,"/Users/ashleymathew/rithm/exercises/Week 6/express-biztime/expressError.js": {"path":"/Users/ashleymathew/rithm/exercises/Week 6/express-biztime/expressError.js","statementMap":{"0":{"start":{"line":9,"column":4},"end":{"line":9,"column":12}},"1":{"start":{"line":10,"column":4},"end":{"line":10,"column":27}},"2":{"start":{"line":11,"column":4},"end":{"line":11,"column":25}},"3":{"start":{"line":19,"column":4},"end":{"line":19,"column":24}},"4":{"start":{"line":27,"column":4},"end":{"line":27,"column":24}},"5":{"start":{"line":35,"column":4},"end":{"line":35,"column":24}},"6":{"start":{"line":43,"column":4},"end":{"line":43,"column":24}},"7":{"start":{"line":47,"column":0},"end":{"line":53,"column":2}}},"fnMap":{"0":{"name":"(anonymous_0)","decl":{"start":{"line":8,"column":2},"end":{"line":8,"column":3}},"loc":{"start":{"line":8,"column":31},"end":{"line":12,"column":3}},"line":8},"1":{"name":"(anonymous_1)","decl":{"start":{"line":18,"column":2},"end":{"line":18,"column":3}},"loc":{"start":{"line":18,"column":37},"end":{"line":20,"column":3}},"line":18},"2":{"name":"(anonymous_2)","decl":{"start":{"line":26,"column":2},"end":{"line":26,"column":3}},"loc":{"start":{"line":26,"column":40},"end":{"line":28,"column":3}},"line":26},"3":{"name":"(anonymous_3)","decl":{"start":{"line":34,"column":2},"end":{"line":34,"column":3}},"loc":{"start":{"line":34,"column":39},"end":{"line":36,"column":3}},"line":34},"4":{"name":"(anonymous_4)","decl":{"start":{"line":42,"column":2},"end":{"line":42,"column":3}},"loc":{"start":{"line":42,"column":39},"end":{"line":44,"column":3}},"line":42}},"branchMap":{"0":{"loc":{"start":{"line":18,"column":14},"end":{"line":18,"column":35}},"type":"default-arg","locations":[{"start":{"line":18,"column":24},"end":{"line":18,"column":35}}],"line":18},"1":{"loc":{"start":{"line":26,"column":14},"end":{"line":26,"column":38}},"type":"default-arg","locations":[{"start":{"line":26,"column":24},"end":{"line":26,"column":38}}],"line":26},"2":{"loc":{"start":{"line":34,"column":14},"end":{"line":34,"column":37}},"type":"default-arg","locations":[{"start":{"line":34,"column":24},"end":{"line":34,"column":37}}],"line":34},"3":{"loc":{"start":{"line":42,"column":14},"end":{"line":42,"column":37}},"type":"default-arg","locations":[{"start":{"line":42,"column":24},"end":{"line":42,"column":37}}],"line":42}},"s":{"0":10,"1":10,"2":10,"3":6,"4":0,"5":4,"6":0,"7":2},"f":{"0":10,"1":6,"2":0,"3":4,"4":0},"b":{"0":[0],"1":[0],"2":[0],"3":[0]},"_coverageSchema":"1a1c01bbd47fc00a2c39e90264f33305004495a9","hash":"99f4ac702f96ddbbabc337104798b07b1a29cf28"}
,"/Users/ashleymathew/rithm/exercises/Week 6/express-biztime/routes/companies.js": {"path":"/Users/ashleymathew/rithm/exercises/Week 6/express-biztime/routes/companies.js","statementMap":{"0":{"start":{"line":4,"column":16},"end":{"line":4,"column":34}},"1":{"start":{"line":6,"column":11},"end":{"line":6,"column":27}},"2":{"start":{"line":7,"column":15},"end":{"line":7,"column":35}},"3":{"start":{"line":9,"column":43},"end":{"line":9,"column":69}},"4":{"start":{"line":12,"column":0},"end":{"line":22,"column":3}},"5":{"start":{"line":13,"column":18},"end":{"line":17,"column":3}},"6":{"start":{"line":19,"column":20},"end":{"line":19,"column":32}},"7":{"start":{"line":21,"column":2},"end":{"line":21,"column":33}},"8":{"start":{"line":25,"column":0},"end":{"line":50,"column":3}},"9":{"start":{"line":26,"column":15},"end":{"line":26,"column":30}},"10":{"start":{"line":28,"column":19},"end":{"line":33,"column":3}},"11":{"start":{"line":35,"column":18},"end":{"line":35,"column":34}},"12":{"start":{"line":36,"column":2},"end":{"line":36,"column":62}},"13":{"start":{"line":36,"column":16},"end":{"line":36,"column":62}},"14":{"start":{"line":38,"column":19},"end":{"line":45,"column":3}},"15":{"start":{"line":47,"column":2},"end":{"line":47,"column":50}},"16":{"start":{"line":47,"column":44},"end":{"line":47,"column":48}},"17":{"start":{"line":49,"column":2},"end":{"line":49,"column":31}},"18":{"start":{"line":54,"column":0},"end":{"line":81,"column":3}},"19":{"start":{"line":56,"column":2},"end":{"line":56,"column":76}},"20":{"start":{"line":56,"column":30},"end":{"line":56,"column":76}},"21":{"start":{"line":58,"column":23},"end":{"line":58,"column":54}},"22":{"start":{"line":59,"column":21},"end":{"line":59,"column":42}},"23":{"start":{"line":61,"column":2},"end":{"line":65,"column":3}},"24":{"start":{"line":62,"column":29},"end":{"line":62,"column":55}},"25":{"start":{"line":64,"column":4},"end":{"line":64,"column":53}},"26":{"start":{"line":67,"column":38},"end":{"line":67,"column":46}},"27":{"start":{"line":68,"column":17},"end":{"line":75,"column":3}},"28":{"start":{"line":77,"column":18},"end":{"line":77,"column":32}},"29":{"start":{"line":79,"column":2},"end":{"line":79,"column":43}},"30":{"start":{"line":85,"column":0},"end":{"line":111,"column":3}},"31":{"start":{"line":86,"column":2},"end":{"line":86,"column":76}},"32":{"start":{"line":86,"column":30},"end":{"line":86,"column":76}},"33":{"start":{"line":88,"column":23},"end":{"line":88,"column":46}},"34":{"start":{"line":89,"column":21},"end":{"line":89,"column":42}},"35":{"start":{"line":91,"column":2},"end":{"line":95,"column":3}},"36":{"start":{"line":92,"column":29},"end":{"line":92,"column":55}},"37":{"start":{"line":94,"column":4},"end":{"line":94,"column":53}},"38":{"start":{"line":97,"column":15},"end":{"line":97,"column":30}},"39":{"start":{"line":98,"column":32},"end":{"line":98,"column":40}},"40":{"start":{"line":99,"column":17},"end":{"line":106,"column":3}},"41":{"start":{"line":108,"column":18},"end":{"line":108,"column":32}},"42":{"start":{"line":109,"column":2},"end":{"line":109,"column":62}},"43":{"start":{"line":109,"column":16},"end":{"line":109,"column":62}},"44":{"start":{"line":110,"column":2},"end":{"line":110,"column":31}},"45":{"start":{"line":115,"column":0},"end":{"line":128,"column":3}},"46":{"start":{"line":117,"column":15},"end":{"line":117,"column":30}},"47":{"start":{"line":118,"column":17},"end":{"line":122,"column":3}},"48":{"start":{"line":124,"column":2},"end":{"line":124,"column":69}},"49":{"start":{"line":124,"column":23},"end":{"line":124,"column":69}},"50":{"start":{"line":126,"column":2},"end":{"line":126,"column":41}},"51":{"start":{"line":131,"column":0},"end":{"line":131,"column":24}}},"fnMap":{"0":{"name":"(anonymous_0)","decl":{"start":{"line":12,"column":16},"end":{"line":12,"column":17}},"loc":{"start":{"line":12,"column":42},"end":{"line":22,"column":1}},"line":12},"1":{"name":"(anonymous_1)","decl":{"start":{"line":25,"column":21},"end":{"line":25,"column":22}},"loc":{"start":{"line":25,"column":47},"end":{"line":50,"column":1}},"line":25},"2":{"name":"(anonymous_2)","decl":{"start":{"line":47,"column":39},"end":{"line":47,"column":40}},"loc":{"start":{"line":47,"column":44},"end":{"line":47,"column":48}},"line":47},"3":{"name":"(anonymous_3)","decl":{"start":{"line":54,"column":17},"end":{"line":54,"column":18}},"loc":{"start":{"line":54,"column":43},"end":{"line":81,"column":1}},"line":54},"4":{"name":"(anonymous_4)","decl":{"start":{"line":62,"column":22},"end":{"line":62,"column":23}},"loc":{"start":{"line":62,"column":29},"end":{"line":62,"column":55}},"line":62},"5":{"name":"(anonymous_5)","decl":{"start":{"line":85,"column":21},"end":{"line":85,"column":22}},"loc":{"start":{"line":85,"column":47},"end":{"line":111,"column":1}},"line":85},"6":{"name":"(anonymous_6)","decl":{"start":{"line":92,"column":22},"end":{"line":92,"column":23}},"loc":{"start":{"line":92,"column":29},"end":{"line":92,"column":55}},"line":92},"7":{"name":"(anonymous_7)","decl":{"start":{"line":115,"column":24},"end":{"line":115,"column":25}},"loc":{"start":{"line":115,"column":50},"end":{"line":128,"column":1}},"line":115}},"branchMap":{"0":{"loc":{"start":{"line":36,"column":2},"end":{"line":36,"column":62}},"type":"if","locations":[{"start":{"line":36,"column":2},"end":{"line":36,"column":62}},{"start":{},"end":{}}],"line":36},"1":{"loc":{"start":{"line":56,"column":2},"end":{"line":56,"column":76}},"type":"if","locations":[{"start":{"line":56,"column":2},"end":{"line":56,"column":76}},{"start":{},"end":{}}],"line":56},"2":{"loc":{"start":{"line":61,"column":2},"end":{"line":65,"column":3}},"type":"if","locations":[{"start":{"line":61,"column":2},"end":{"line":65,"column":3}},{"start":{},"end":{}}],"line":61},"3":{"loc":{"start":{"line":61,"column":6},"end":{"line":62,"column":56}},"type":"binary-expr","locations":[{"start":{"line":61,"column":6},"end":{"line":61,"column":47}},{"start":{"line":62,"column":4},"end":{"line":62,"column":56}}],"line":61},"4":{"loc":{"start":{"line":86,"column":2},"end":{"line":86,"column":76}},"type":"if","locations":[{"start":{"line":86,"column":2},"end":{"line":86,"column":76}},{"start":{},"end":{}}],"line":86},"5":{"loc":{"start":{"line":91,"column":2},"end":{"line":95,"column":3}},"type":"if","locations":[{"start":{"line":91,"column":2},"end":{"line":95,"column":3}},{"start":{},"end":{}}],"line":91},"6":{"loc":{"start":{"line":91,"column":6},"end":{"line":92,"column":56}},"type":"binary-expr","locations":[{"start":{"line":91,"column":6},"end":{"line":91,"column":47}},{"start":{"line":92,"column":4},"end":{"line":92,"column":56}}],"line":91},"7":{"loc":{"start":{"line":109,"column":2},"end":{"line":109,"column":62}},"type":"if","locations":[{"start":{"line":109,"column":2},"end":{"line":109,"column":62}},{"start":{},"end":{}}],"line":109},"8":{"loc":{"start":{"line":124,"column":2},"end":{"line":124,"column":69}},"type":"if","locations":[{"start":{"line":124,"column":2},"end":{"line":124,"column":69}},{"start":{},"end":{}}],"line":124}},"s":{"0":2,"1":2,"2":2,"3":2,"4":2,"5":1,"6":1,"7":1,"8":2,"9":2,"10":2,"11":2,"12":2,"13":1,"14":1,"15":1,"16":1,"17":1,"18":2,"19":2,"20":0,"21":2,"22":2,"23":2,"24":3,"25":1,"26":1,"27":1,"28":1,"29":1,"30":2,"31":3,"32":0,"33":3,"34":3,"35":3,"36":5,"37":1,"38":2,"39":2,"40":2,"41":2,"42":2,"43":1,"44":1,"45":2,"46":2,"47":2,"48":2,"49":1,"50":1,"51":2},"f":{"0":1,"1":2,"2":1,"3":2,"4":3,"5":3,"6":5,"7":2},"b":{"0":[1,1],"1":[0,2],"2":[1,1],"3":[2,1],"4":[0,3],"5":[1,2],"6":[3,3],"7":[1,1],"8":[1,1]},"_coverageSchema":"1a1c01bbd47fc00a2c39e90264f33305004495a9","hash":"c901a5843efa57f042e3c8ce99653ba5c4462b1a"}
,"/Users/ashleymathew/rithm/exercises/Week 6/express-biztime/routes/invoices.js": {"path":"/Users/ashleymathew/rithm/exercises/Week 6/express-biztime/routes/invoices.js","statementMap":{"0":{"start":{"line":4,"column":16},"end":{"line":4,"column":34}},"1":{"start":{"line":6,"column":11},"end":{"line":6,"column":27}},"2":{"start":{"line":7,"column":15},"end":{"line":7,"column":35}},"3":{"start":{"line":9,"column":0},"end":{"line":9,"column":24}},"4":{"start":{"line":11,"column":43},"end":{"line":11,"column":69}},"5":{"start":{"line":14,"column":0},"end":{"line":25,"column":3}},"6":{"start":{"line":15,"column":18},"end":{"line":20,"column":6}},"7":{"start":{"line":22,"column":19},"end":{"line":22,"column":31}},"8":{"start":{"line":24,"column":2},"end":{"line":24,"column":32}},"9":{"start":{"line":39,"column":0},"end":{"line":70,"column":3}},"10":{"start":{"line":40,"column":16},"end":{"line":40,"column":29}},"11":{"start":{"line":42,"column":2},"end":{"line":42,"column":80}},"12":{"start":{"line":42,"column":28},"end":{"line":42,"column":80}},"13":{"start":{"line":44,"column":13},"end":{"line":44,"column":26}},"14":{"start":{"line":45,"column":19},"end":{"line":51,"column":3}},"15":{"start":{"line":52,"column":18},"end":{"line":52,"column":34}},"16":{"start":{"line":53,"column":2},"end":{"line":53,"column":60}},"17":{"start":{"line":53,"column":16},"end":{"line":53,"column":60}},"18":{"start":{"line":55,"column":19},"end":{"line":65,"column":3}},"19":{"start":{"line":66,"column":18},"end":{"line":66,"column":34}},"20":{"start":{"line":68,"column":2},"end":{"line":68,"column":28}},"21":{"start":{"line":69,"column":2},"end":{"line":69,"column":31}},"22":{"start":{"line":74,"column":0},"end":{"line":117,"column":3}},"23":{"start":{"line":76,"column":2},"end":{"line":76,"column":76}},"24":{"start":{"line":76,"column":30},"end":{"line":76,"column":76}},"25":{"start":{"line":78,"column":23},"end":{"line":78,"column":43}},"26":{"start":{"line":79,"column":21},"end":{"line":79,"column":42}},"27":{"start":{"line":81,"column":2},"end":{"line":85,"column":3}},"28":{"start":{"line":82,"column":29},"end":{"line":82,"column":55}},"29":{"start":{"line":84,"column":4},"end":{"line":84,"column":53}},"30":{"start":{"line":87,"column":29},"end":{"line":87,"column":37}},"31":{"start":{"line":88,"column":19},"end":{"line":93,"column":3}},"32":{"start":{"line":95,"column":23},"end":{"line":95,"column":53}},"33":{"start":{"line":95,"column":46},"end":{"line":95,"column":52}},"34":{"start":{"line":97,"column":2},"end":{"line":99,"column":3}},"35":{"start":{"line":98,"column":4},"end":{"line":98,"column":67}},"36":{"start":{"line":101,"column":2},"end":{"line":101,"column":80}},"37":{"start":{"line":101,"column":26},"end":{"line":101,"column":80}},"38":{"start":{"line":102,"column":17},"end":{"line":102,"column":28}},"39":{"start":{"line":104,"column":17},"end":{"line":111,"column":3}},"40":{"start":{"line":113,"column":18},"end":{"line":113,"column":32}},"41":{"start":{"line":115,"column":2},"end":{"line":115,"column":43}},"42":{"start":{"line":121,"column":0},"end":{"line":153,"column":3}},"43":{"start":{"line":122,"column":2},"end":{"line":122,"column":76}},"44":{"start":{"line":122,"column":30},"end":{"line":122,"column":76}},"45":{"start":{"line":124,"column":23},"end":{"line":124,"column":30}},"46":{"start":{"line":125,"column":21},"end":{"line":125,"column":42}},"47":{"start":{"line":127,"column":2},"end":{"line":131,"column":3}},"48":{"start":{"line":128,"column":29},"end":{"line":128,"column":55}},"49":{"start":{"line":130,"column":4},"end":{"line":130,"column":53}},"50":{"start":{"line":134,"column":16},"end":{"line":134,"column":29}},"51":{"start":{"line":135,"column":2},"end":{"line":135,"column":80}},"52":{"start":{"line":135,"column":28},"end":{"line":135,"column":80}},"53":{"start":{"line":136,"column":13},"end":{"line":136,"column":26}},"54":{"start":{"line":138,"column":18},"end":{"line":138,"column":26}},"55":{"start":{"line":140,"column":2},"end":{"line":140,"column":79}},"56":{"start":{"line":140,"column":26},"end":{"line":140,"column":79}},"57":{"start":{"line":142,"column":17},"end":{"line":148,"column":3}},"58":{"start":{"line":150,"column":18},"end":{"line":150,"column":32}},"59":{"start":{"line":151,"column":2},"end":{"line":151,"column":71}},"60":{"start":{"line":151,"column":16},"end":{"line":151,"column":71}},"61":{"start":{"line":152,"column":2},"end":{"line":152,"column":31}},"62":{"start":{"line":156,"column":0},"end":{"line":176,"column":3}},"63":{"start":{"line":158,"column":16},"end":{"line":158,"column":29}},"64":{"start":{"line":160,"column":2},"end":{"line":160,"column":80}},"65":{"start":{"line":160,"column":28},"end":{"line":160,"column":80}},"66":{"start":{"line":162,"column":13},"end":{"line":162,"column":26}},"67":{"start":{"line":164,"column":17},"end":{"line":168,"column":3}},"68":{"start":{"line":170,"column":18},"end":{"line":170,"column":32}},"69":{"start":{"line":172,"column":2},"end":{"line":172,"column":71}},"70":{"start":{"line":172,"column":16},"end":{"line":172,"column":71}},"71":{"start":{"line":174,"column":2},"end":{"line":174,"column":41}}},"fnMap":{"0":{"name":"(anonymous_0)","decl":{"start":{"line":14,"column":16},"end":{"line":14,"column":17}},"loc":{"start":{"line":14,"column":42},"end":{"line":25,"column":1}},"line":14},"1":{"name":"(anonymous_1)","decl":{"start":{"line":39,"column":19},"end":{"line":39,"column":20}},"loc":{"start":{"line":39,"column":45},"end":{"line":70,"column":1}},"line":39},"2":{"name":"(anonymous_2)","decl":{"start":{"line":74,"column":17},"end":{"line":74,"column":18}},"loc":{"start":{"line":74,"column":43},"end":{"line":117,"column":1}},"line":74},"3":{"name":"(anonymous_3)","decl":{"start":{"line":82,"column":22},"end":{"line":82,"column":23}},"loc":{"start":{"line":82,"column":29},"end":{"line":82,"column":55}},"line":82},"4":{"name":"(anonymous_4)","decl":{"start":{"line":95,"column":41},"end":{"line":95,"column":42}},"loc":{"start":{"line":95,"column":46},"end":{"line":95,"column":52}},"line":95},"5":{"name":"(anonymous_5)","decl":{"start":{"line":121,"column":19},"end":{"line":121,"column":20}},"loc":{"start":{"line":121,"column":45},"end":{"line":153,"column":1}},"line":121},"6":{"name":"(anonymous_6)","decl":{"start":{"line":128,"column":22},"end":{"line":128,"column":23}},"loc":{"start":{"line":128,"column":29},"end":{"line":128,"column":55}},"line":128},"7":{"name":"(anonymous_7)","decl":{"start":{"line":156,"column":22},"end":{"line":156,"column":23}},"loc":{"start":{"line":156,"column":48},"end":{"line":176,"column":1}},"line":156}},"branchMap":{"0":{"loc":{"start":{"line":42,"column":2},"end":{"line":42,"column":80}},"type":"if","locations":[{"start":{"line":42,"column":2},"end":{"line":42,"column":80}},{"start":{},"end":{}}],"line":42},"1":{"loc":{"start":{"line":53,"column":2},"end":{"line":53,"column":60}},"type":"if","locations":[{"start":{"line":53,"column":2},"end":{"line":53,"column":60}},{"start":{},"end":{}}],"line":53},"2":{"loc":{"start":{"line":76,"column":2},"end":{"line":76,"column":76}},"type":"if","locations":[{"start":{"line":76,"column":2},"end":{"line":76,"column":76}},{"start":{},"end":{}}],"line":76},"3":{"loc":{"start":{"line":81,"column":2},"end":{"line":85,"column":3}},"type":"if","locations":[{"start":{"line":81,"column":2},"end":{"line":85,"column":3}},{"start":{},"end":{}}],"line":81},"4":{"loc":{"start":{"line":81,"column":6},"end":{"line":82,"column":56}},"type":"binary-expr","locations":[{"start":{"line":81,"column":6},"end":{"line":81,"column":47}},{"start":{"line":82,"column":4},"end":{"line":82,"column":56}}],"line":81},"5":{"loc":{"start":{"line":97,"column":2},"end":{"line":99,"column":3}},"type":"if","locations":[{"start":{"line":97,"column":2},"end":{"line":99,"column":3}},{"start":{},"end":{}}],"line":97},"6":{"loc":{"start":{"line":101,"column":2},"end":{"line":101,"column":80}},"type":"if","locations":[{"start":{"line":101,"column":2},"end":{"line":101,"column":80}},{"start":{},"end":{}}],"line":101},"7":{"loc":{"start":{"line":122,"column":2},"end":{"line":122,"column":76}},"type":"if","locations":[{"start":{"line":122,"column":2},"end":{"line":122,"column":76}},{"start":{},"end":{}}],"line":122},"8":{"loc":{"start":{"line":127,"column":2},"end":{"line":131,"column":3}},"type":"if","locations":[{"start":{"line":127,"column":2},"end":{"line":131,"column":3}},{"start":{},"end":{}}],"line":127},"9":{"loc":{"start":{"line":127,"column":6},"end":{"line":128,"column":56}},"type":"binary-expr","locations":[{"start":{"line":127,"column":6},"end":{"line":127,"column":47}},{"start":{"line":128,"column":4},"end":{"line":128,"column":56}}],"line":127},"10":{"loc":{"start":{"line":135,"column":2},"end":{"line":135,"column":80}},"type":"if","locations":[{"start":{"line":135,"column":2},"end":{"line":135,"column":80}},{"start":{},"end":{}}],"line":135},"11":{"loc":{"start":{"line":140,"column":2},"end":{"line":140,"column":79}},"type":"if","locations":[{"start":{"line":140,"column":2},"end":{"line":140,"column":79}},{"start":{},"end":{}}],"line":140},"12":{"loc":{"start":{"line":151,"column":2},"end":{"line":151,"column":71}},"type":"if","locations":[{"start":{"line":151,"column":2},"end":{"line":151,"column":71}},{"start":{},"end":{}}],"line":151},"13":{"loc":{"start":{"line":160,"column":2},"end":{"line":160,"column":80}},"type":"if","locations":[{"start":{"line":160,"column":2},"end":{"line":160,"column":80}},{"start":{},"end":{}}],"line":160},"14":{"loc":{"start":{"line":172,"column":2},"end":{"line":172,"column":71}},"type":"if","locations":[{"start":{"line":172,"column":2},"end":{"line":172,"column":71}},{"start":{},"end":{}}],"line":172}},"s":{"0":2,"1":2,"2":2,"3":2,"4":2,"5":2,"6":1,"7":1,"8":1,"9":2,"10":2,"11":2,"12":0,"13":2,"14":2,"15":2,"16":2,"17":1,"18":1,"19":1,"20":1,"21":1,"22":2,"23":2,"24":0,"25":2,"26":2,"27":2,"28":2,"29":1,"30":1,"31":1,"32":1,"33":2,"34":1,"35":0,"36":1,"37":0,"38":1,"39":1,"40":1,"41":1,"42":2,"43":3,"44":0,"45":3,"46":3,"47":3,"48":3,"49":1,"50":2,"51":2,"52":0,"53":2,"54":2,"55":2,"56":0,"57":2,"58":2,"59":2,"60":1,"61":1,"62":2,"63":2,"64":2,"65":0,"66":2,"67":2,"68":2,"69":2,"70":1,"71":1},"f":{"0":1,"1":2,"2":2,"3":2,"4":2,"5":3,"6":3,"7":2},"b":{"0":[0,2],"1":[1,1],"2":[0,2],"3":[1,1],"4":[2,1],"5":[0,1],"6":[0,1],"7":[0,3],"8":[1,2],"9":[3,3],"10":[0,2],"11":[0,2],"12":[1,1],"13":[0,2],"14":[1,1]},"_coverageSchema":"1a1c01bbd47fc00a2c39e90264f33305004495a9","hash":"1926c57750aef7b7370362378dd94a8bb9551b15"}
}
