TN:
SF:companies.js
FN:12,(anonymous_0)
FN:25,(anonymous_1)
FN:47,(anonymous_2)
FN:54,(anonymous_3)
FN:62,(anonymous_4)
FN:85,(anonymous_5)
FN:92,(anonymous_6)
FN:115,(anonymous_7)
FNF:8
FNH:3
FNDA:1,(anonymous_0)
FNDA:2,(anonymous_1)
FNDA:1,(anonymous_2)
FNDA:0,(anonymous_3)
FNDA:0,(anonymous_4)
FNDA:0,(anonymous_5)
FNDA:0,(anonymous_6)
FNDA:0,(anonymous_7)
DA:4,1
DA:6,1
DA:7,1
DA:9,1
DA:12,1
DA:13,1
DA:19,1
DA:21,1
DA:25,1
DA:26,2
DA:28,2
DA:35,2
DA:36,2
DA:38,1
DA:47,1
DA:49,1
DA:54,1
DA:56,0
DA:58,0
DA:59,0
DA:61,0
DA:62,0
DA:64,0
DA:67,0
DA:68,0
DA:77,0
DA:79,0
DA:85,1
DA:86,0
DA:88,0
DA:89,0
DA:91,0
DA:92,0
DA:94,0
DA:97,0
DA:98,0
DA:99,0
DA:108,0
DA:109,0
DA:110,0
DA:115,1
DA:117,0
DA:118,0
DA:124,0
DA:126,0
DA:131,1
LF:46
LH:20
BRDA:36,0,0,1
BRDA:36,0,1,1
BRDA:56,1,0,0
BRDA:56,1,1,0
BRDA:61,2,0,0
BRDA:61,2,1,0
BRDA:61,3,0,0
BRDA:61,3,1,0
BRDA:86,4,0,0
BRDA:86,4,1,0
BRDA:91,5,0,0
BRDA:91,5,1,0
BRDA:91,6,0,0
BRDA:91,6,1,0
BRDA:109,7,0,0
BRDA:109,7,1,0
BRDA:124,8,0,0
BRDA:124,8,1,0
BRF:18
BRH:2
end_of_record
TN:
SF:invoices.js
FN:14,(anonymous_0)
FN:39,(anonymous_1)
FN:74,(anonymous_2)
FN:82,(anonymous_3)
FN:95,(anonymous_4)
FN:121,(anonymous_5)
FN:128,(anonymous_6)
FN:156,(anonymous_7)
FNF:8
FNH:0
FNDA:0,(anonymous_0)
FNDA:0,(anonymous_1)
FNDA:0,(anonymous_2)
FNDA:0,(anonymous_3)
FNDA:0,(anonymous_4)
FNDA:0,(anonymous_5)
FNDA:0,(anonymous_6)
FNDA:0,(anonymous_7)
DA:4,1
DA:6,1
DA:7,1
DA:9,1
DA:11,1
DA:14,1
DA:15,0
DA:22,0
DA:24,0
DA:39,1
DA:40,0
DA:42,0
DA:44,0
DA:45,0
DA:52,0
DA:53,0
DA:55,0
DA:66,0
DA:68,0
DA:69,0
DA:74,1
DA:76,0
DA:78,0
DA:79,0
DA:81,0
DA:82,0
DA:84,0
DA:87,0
DA:88,0
DA:95,0
DA:97,0
DA:98,0
DA:101,0
DA:102,0
DA:104,0
DA:113,0
DA:115,0
DA:121,1
DA:122,0
DA:124,0
DA:125,0
DA:127,0
DA:128,0
DA:130,0
DA:134,0
DA:135,0
DA:136,0
DA:138,0
DA:140,0
DA:142,0
DA:150,0
DA:151,0
DA:152,0
DA:156,1
DA:158,0
DA:160,0
DA:162,0
DA:164,0
DA:170,0
DA:172,0
DA:174,0
LF:61
LH:10
BRDA:42,0,0,0
BRDA:42,0,1,0
BRDA:53,1,0,0
BRDA:53,1,1,0
BRDA:76,2,0,0
BRDA:76,2,1,0
BRDA:81,3,0,0
BRDA:81,3,1,0
BRDA:81,4,0,0
BRDA:81,4,1,0
BRDA:97,5,0,0
BRDA:97,5,1,0
BRDA:101,6,0,0
BRDA:101,6,1,0
BRDA:122,7,0,0
BRDA:122,7,1,0
BRDA:127,8,0,0
BRDA:127,8,1,0
BRDA:127,9,0,0
BRDA:127,9,1,0
BRDA:135,10,0,0
BRDA:135,10,1,0
BRDA:140,11,0,0
BRDA:140,11,1,0
BRDA:151,12,0,0
BRDA:151,12,1,0
BRDA:160,13,0,0
BRDA:160,13,1,0
BRDA:172,14,0,0
BRDA:172,14,1,0
BRF:30
BRH:0
end_of_record
