TN:
SF:app.js
FN:18,(anonymous_0)
FN:23,(anonymous_1)
FNF:2
FNH:1
FNDA:0,(anonymous_0)
FNDA:10,(anonymous_1)
DA:3,2
DA:4,2
DA:6,2
DA:8,2
DA:9,2
DA:11,2
DA:12,2
DA:14,2
DA:15,2
DA:18,2
DA:19,0
DA:23,2
DA:24,10
DA:25,10
DA:26,10
DA:27,10
DA:30,2
LF:17
LH:16
BRDA:24,0,0,10
BRDA:24,0,1,0
BRDA:26,1,0,0
BRDA:26,1,1,10
BRF:4
BRH:2
end_of_record
TN:
SF:db.js
FNF:0
FNH:0
DA:3,2
DA:7,2
DA:17,2
DA:21,2
DA:22,2
LF:5
LH:5
BRDA:7,0,0,2
BRDA:7,0,1,0
BRF:2
BRH:1
end_of_record
TN:
SF:expressError.js
FN:8,(anonymous_0)
FN:18,(anonymous_1)
FN:26,(anonymous_2)
FN:34,(anonymous_3)
FN:42,(anonymous_4)
FNF:5
FNH:3
FNDA:10,(anonymous_0)
FNDA:6,(anonymous_1)
FNDA:0,(anonymous_2)
FNDA:4,(anonymous_3)
FNDA:0,(anonymous_4)
DA:9,10
DA:10,10
DA:11,10
DA:19,6
DA:27,0
DA:35,4
DA:43,0
DA:47,2
LF:8
LH:6
BRDA:18,0,0,0
BRDA:26,1,0,0
BRDA:34,2,0,0
BRDA:42,3,0,0
BRF:4
BRH:0
end_of_record
TN:
SF:routes/companies.js
FN:12,(anonymous_0)
FN:25,(anonymous_1)
FN:47,(anonymous_2)
FN:54,(anonymous_3)
FN:62,(anonymous_4)
FN:85,(anonymous_5)
FN:92,(anonymous_6)
FN:115,(anonymous_7)
FNF:8
FNH:8
FNDA:1,(anonymous_0)
FNDA:2,(anonymous_1)
FNDA:1,(anonymous_2)
FNDA:2,(anonymous_3)
FNDA:3,(anonymous_4)
FNDA:3,(anonymous_5)
FNDA:5,(anonymous_6)
FNDA:2,(anonymous_7)
DA:4,2
DA:6,2
DA:7,2
DA:9,2
DA:12,2
DA:13,1
DA:19,1
DA:21,1
DA:25,2
DA:26,2
DA:28,2
DA:35,2
DA:36,2
DA:38,1
DA:47,1
DA:49,1
DA:54,2
DA:56,2
DA:58,2
DA:59,2
DA:61,2
DA:62,3
DA:64,1
DA:67,1
DA:68,1
DA:77,1
DA:79,1
DA:85,2
DA:86,3
DA:88,3
DA:89,3
DA:91,3
DA:92,5
DA:94,1
DA:97,2
DA:98,2
DA:99,2
DA:108,2
DA:109,2
DA:110,1
DA:115,2
DA:117,2
DA:118,2
DA:124,2
DA:126,1
DA:131,2
LF:46
LH:46
BRDA:36,0,0,1
BRDA:36,0,1,1
BRDA:56,1,0,0
BRDA:56,1,1,2
BRDA:61,2,0,1
BRDA:61,2,1,1
BRDA:61,3,0,2
BRDA:61,3,1,1
BRDA:86,4,0,0
BRDA:86,4,1,3
BRDA:91,5,0,1
BRDA:91,5,1,2
BRDA:91,6,0,3
BRDA:91,6,1,3
BRDA:109,7,0,1
BRDA:109,7,1,1
BRDA:124,8,0,1
BRDA:124,8,1,1
BRF:18
BRH:16
end_of_record
TN:
SF:routes/invoices.js
FN:14,(anonymous_0)
FN:39,(anonymous_1)
FN:74,(anonymous_2)
FN:82,(anonymous_3)
FN:95,(anonymous_4)
FN:121,(anonymous_5)
FN:128,(anonymous_6)
FN:156,(anonymous_7)
FNF:8
FNH:8
FNDA:1,(anonymous_0)
FNDA:2,(anonymous_1)
FNDA:2,(anonymous_2)
FNDA:2,(anonymous_3)
FNDA:2,(anonymous_4)
FNDA:3,(anonymous_5)
FNDA:3,(anonymous_6)
FNDA:2,(anonymous_7)
DA:4,2
DA:6,2
DA:7,2
DA:9,2
DA:11,2
DA:14,2
DA:15,1
DA:22,1
DA:24,1
DA:39,2
DA:40,2
DA:42,2
DA:44,2
DA:45,2
DA:52,2
DA:53,2
DA:55,1
DA:66,1
DA:68,1
DA:69,1
DA:74,2
DA:76,2
DA:78,2
DA:79,2
DA:81,2
DA:82,2
DA:84,1
DA:87,1
DA:88,1
DA:95,2
DA:97,1
DA:98,0
DA:101,1
DA:102,1
DA:104,1
DA:113,1
DA:115,1
DA:121,2
DA:122,3
DA:124,3
DA:125,3
DA:127,3
DA:128,3
DA:130,1
DA:134,2
DA:135,2
DA:136,2
DA:138,2
DA:140,2
DA:142,2
DA:150,2
DA:151,2
DA:152,1
DA:156,2
DA:158,2
DA:160,2
DA:162,2
DA:164,2
DA:170,2
DA:172,2
DA:174,1
LF:61
LH:60
BRDA:42,0,0,0
BRDA:42,0,1,2
BRDA:53,1,0,1
BRDA:53,1,1,1
BRDA:76,2,0,0
BRDA:76,2,1,2
BRDA:81,3,0,1
BRDA:81,3,1,1
BRDA:81,4,0,2
BRDA:81,4,1,1
BRDA:97,5,0,0
BRDA:97,5,1,1
BRDA:101,6,0,0
BRDA:101,6,1,1
BRDA:122,7,0,0
BRDA:122,7,1,3
BRDA:127,8,0,1
BRDA:127,8,1,2
BRDA:127,9,0,3
BRDA:127,9,1,3
BRDA:135,10,0,0
BRDA:135,10,1,2
BRDA:140,11,0,0
BRDA:140,11,1,2
BRDA:151,12,0,1
BRDA:151,12,1,1
BRDA:160,13,0,0
BRDA:160,13,1,2
BRDA:172,14,0,1
BRDA:172,14,1,1
BRF:30
BRH:22
end_of_record
